TN:
SF:src\use-cases\submit-feedback-use-case.ts
FN:17,execute
FN:12,SubmitFeedbackUseCase
FNF:2
FNH:2
FNDA:4,execute
FNDA:1,SubmitFeedbackUseCase
DA:1,1
DA:2,1
DA:3,1
DA:4,1
DA:5,1
DA:6,1
DA:7,1
DA:8,1
DA:9,1
DA:10,1
DA:11,1
DA:12,1
DA:13,1
DA:14,1
DA:15,1
DA:16,1
DA:17,1
DA:18,4
DA:19,4
DA:20,4
DA:21,4
DA:22,4
DA:23,4
DA:24,4
DA:25,4
DA:26,4
DA:27,4
DA:28,1
DA:29,1
DA:30,3
DA:31,4
DA:32,1
DA:33,1
DA:34,2
DA:35,4
DA:36,2
DA:37,2
DA:38,0
DA:39,0
DA:40,0
DA:41,0
DA:42,0
DA:43,0
DA:44,0
DA:45,0
DA:46,0
DA:47,0
DA:48,0
DA:49,0
DA:50,0
DA:51,0
DA:52,0
DA:53,0
DA:54,0
DA:55,0
DA:56,0
DA:57,1
LF:57
LH:38
BRDA:17,0,0,4
BRDA:27,1,0,1
BRDA:30,2,0,3
BRDA:31,3,0,1
BRDA:34,4,0,2
BRDA:35,5,0,2
BRDA:38,6,0,0
BRDA:12,7,0,1
BRF:8
BRH:7
end_of_record
